<?xml version="1.0" encoding="UTF-8"?>
<testng-results skipped="0" failed="0" ignored="0" total="1" passed="1">
  <reporter-output>
  </reporter-output>
  <suite name="Default suite" duration-ms="126" started-at="2023-08-10T00:49:47 IST" finished-at="2023-08-10T00:49:47 IST">
    <groups>
    </groups>
    <test name="Default test" duration-ms="126" started-at="2023-08-10T00:49:47 IST" finished-at="2023-08-10T00:49:47 IST">
      <class name="demo.assertionInTestNG">
        <test-method status="PASS" signature="method1()[pri:0, instance:demo.assertionInTestNG@5a8806ef]" name="method1" duration-ms="21" started-at="2023-08-10T00:49:47 IST" finished-at="2023-08-10T00:49:47 IST">
          <reporter-output>
          </reporter-output>
        </test-method> <!-- method1 -->
      </class> <!-- demo.assertionInTestNG -->
    </test> <!-- Default test -->
  </suite> <!-- Default suite -->
</testng-results>
